<?xml version="1.0" encoding="UTF-8"?>
<!-- Generated by org.testng.reporters.JUnitReportReporter -->
<testsuite hostname="LAPTOP-GMH2SF45" failures="0" tests="2" name="com.qa.test.SigninTest" time="10.821" errors="0" timestamp="2021-06-05T17:26:51 PDT" skipped="0">
  <testcase classname="com.qa.test.SigninTest" name="LoginPageTest" time="5.776"/>
  <system-out/>
  <testcase classname="com.qa.test.SigninTest" name="LoginPageTitleTest" time="5.045"/>
  <system-out/>
</testsuite> <!-- com.qa.test.SigninTest -->
