<?xml version="1.0" encoding="UTF-8"?>
<!-- Generated by org.testng.reporters.JUnitReportReporter -->
<testsuite hostname="LAPTOP-GMH2SF45" failures="0" tests="1" name="com.qa.test.MorePageTest" time="17.891" errors="0" timestamp="2021-06-06T18:20:18 PDT" skipped="0">
  <testcase classname="com.qa.test.MorePageTest" name="FileDownloadTest" time="17.891"/>
  <system-out/>
</testsuite> <!-- com.qa.test.MorePageTest -->
