<?xml version="1.0" encoding="UTF-8"?>
<!-- Generated by org.testng.reporters.JUnitReportReporter -->
<testsuite hostname="LAPTOP-GMH2SF45" failures="0" tests="1" name="com.qa.test.SwitchToPageTest" time="10.075" errors="0" timestamp="2021-06-05T23:11:57 PDT" skipped="0">
  <testcase classname="com.qa.test.SwitchToPageTest" name="Frames2Test" time="10.075"/>
  <system-out/>
</testsuite> <!-- com.qa.test.SwitchToPageTest -->
