<?xml version="1.0" encoding="UTF-8"?>
<!-- Generated by org.testng.reporters.JUnitReportReporter -->
<testsuite hostname="LAPTOP-GMH2SF45" failures="0" tests="1" name="com.qa.test.InteractionsTest" time="38.799" errors="0" timestamp="2021-06-06T15:32:21 PDT" skipped="0">
  <testcase classname="com.qa.test.InteractionsTest" name="DragDrop1" time="38.799"/>
  <system-out/>
</testsuite> <!-- com.qa.test.InteractionsTest -->
