<?xml version="1.0" encoding="UTF-8"?>
<!-- Generated by org.testng.reporters.JUnitReportReporter -->
<testsuite hostname="LAPTOP-GMH2SF45" failures="0" tests="1" name="com.qa.test.WidgetsTest" time="20.077" errors="0" timestamp="2021-06-06T17:25:10 PDT" skipped="0">
  <testcase classname="com.qa.test.WidgetsTest" name="Slidertest" time="20.077"/>
  <system-out/>
</testsuite> <!-- com.qa.test.WidgetsTest -->
